+---------------------------------------------------------------+
|             Report of 2D FEA based PEmag results              |
|               Created by PEmag Release 2022 R2               |
|                 © 2022 UPM-SAS IP, Inc.                 |
+---------------------------------------------------------------+

-----------------------------------------------------------
  Magnetic Component Name: Trans_ETD39
  Number of Windings: 4
-----------------------------------------------------------

+---------------------------------------------+
|                                             |
|  Resistance as a function of the Frequency  |
|                                             |
+---------------------------------------------+

+-------------------------+
| Resistance of Winding 1 |
+-------------------------+

+----------------+----------------+
| Frequency (Hz) |    R (mohm)    |
+----------------+----------------+
|       1e+04    |         12.9   |
|    1.05e+04    |         12.9   |
|     1.1e+04    |         12.9   |
|    1.15e+04    |         12.9   |
|     1.2e+04    |         12.9   |
|    1.26e+04    |         12.9   |
|    1.32e+04    |         12.9   |
|    1.38e+04    |         12.9   |
|    1.45e+04    |         12.9   |
|    1.52e+04    |         12.9   |
|    1.59e+04    |         12.9   |
|    1.67e+04    |         12.9   |
|    1.75e+04    |         12.9   |
|    1.83e+04    |         12.9   |
|    1.92e+04    |         12.9   |
|    2.01e+04    |         12.9   |
|     2.1e+04    |         12.9   |
|    2.21e+04    |           13   |
|    2.31e+04    |           13   |
|    2.42e+04    |           13   |
|    2.54e+04    |           13   |
|    2.66e+04    |           13   |
|    2.78e+04    |           13   |
|    2.92e+04    |           13   |
|    3.05e+04    |           13   |
|     3.2e+04    |           13   |
|    3.35e+04    |           13   |
|    3.51e+04    |           13   |
|    3.68e+04    |           13   |
|    3.85e+04    |         13.1   |
|    4.04e+04    |         13.1   |
|    4.23e+04    |         13.1   |
|    4.43e+04    |         13.1   |
|    4.64e+04    |         13.1   |
|    4.86e+04    |         13.1   |
|    5.09e+04    |         13.2   |
|    5.34e+04    |         13.2   |
|    5.59e+04    |         13.2   |
|    5.86e+04    |         13.3   |
|    6.14e+04    |         13.3   |
|    6.43e+04    |         13.3   |
|    6.73e+04    |         13.4   |
|    7.05e+04    |         13.4   |
|    7.39e+04    |         13.5   |
|    7.74e+04    |         13.5   |
|    8.11e+04    |         13.6   |
|     8.5e+04    |         13.6   |
|     8.9e+04    |         13.7   |
|    9.33e+04    |         13.8   |
|    9.77e+04    |         13.9   |
|    1.02e+05    |           14   |
|    1.07e+05    |         14.1   |
|    1.12e+05    |         14.2   |
|    1.18e+05    |         14.3   |
|    1.23e+05    |         14.4   |
|    1.29e+05    |         14.6   |
|    1.35e+05    |         14.8   |
|    1.42e+05    |         14.9   |
|    1.48e+05    |         15.1   |
|    1.56e+05    |         15.4   |
|    1.63e+05    |         15.6   |
|    1.71e+05    |         15.9   |
|    1.79e+05    |         16.2   |
|    1.87e+05    |         16.5   |
|    1.96e+05    |         16.8   |
|    2.06e+05    |         17.2   |
|    2.15e+05    |         17.6   |
|    2.26e+05    |         18.1   |
|    2.36e+05    |         18.6   |
|    2.48e+05    |         19.1   |
|     2.6e+05    |         19.7   |
|    2.72e+05    |         20.4   |
|    2.85e+05    |         21.1   |
|    2.98e+05    |         21.9   |
|    3.13e+05    |         22.8   |
|    3.27e+05    |         23.8   |
|    3.43e+05    |         24.8   |
|    3.59e+05    |           26   |
|    3.76e+05    |         27.2   |
|    3.94e+05    |         28.6   |
|    4.13e+05    |         30.2   |
|    4.33e+05    |         31.8   |
|    4.53e+05    |         33.6   |
|    4.75e+05    |         35.7   |
|    4.98e+05    |         37.9   |
|    5.21e+05    |         40.3   |
|    5.46e+05    |         42.9   |
|    5.72e+05    |         45.8   |
|    5.99e+05    |         48.9   |
|    6.28e+05    |         52.4   |
|    6.58e+05    |         56.2   |
|    6.89e+05    |         60.3   |
|    7.22e+05    |         64.9   |
|    7.56e+05    |         69.8   |
|    7.92e+05    |         75.3   |
|     8.3e+05    |         81.2   |
|     8.7e+05    |         87.7   |
|    9.11e+05    |         94.7   |
|    9.55e+05    |          102   |
|       1e+06    |          111   |
+----------------+----------------+

+-------------------------+
| Resistance of Winding 2 |
+-------------------------+

+----------------+----------------+
| Frequency (Hz) |    R (mohm)    |
+----------------+----------------+
|       1e+04    |         1.55   |
|    1.05e+04    |         1.55   |
|     1.1e+04    |         1.55   |
|    1.15e+04    |         1.55   |
|     1.2e+04    |         1.55   |
|    1.26e+04    |         1.55   |
|    1.32e+04    |         1.55   |
|    1.38e+04    |         1.55   |
|    1.45e+04    |         1.55   |
|    1.52e+04    |         1.55   |
|    1.59e+04    |         1.55   |
|    1.67e+04    |         1.55   |
|    1.75e+04    |         1.55   |
|    1.83e+04    |         1.55   |
|    1.92e+04    |         1.55   |
|    2.01e+04    |         1.55   |
|     2.1e+04    |         1.55   |
|    2.21e+04    |         1.55   |
|    2.31e+04    |         1.55   |
|    2.42e+04    |         1.55   |
|    2.54e+04    |         1.55   |
|    2.66e+04    |         1.56   |
|    2.78e+04    |         1.56   |
|    2.92e+04    |         1.56   |
|    3.05e+04    |         1.56   |
|     3.2e+04    |         1.56   |
|    3.35e+04    |         1.56   |
|    3.51e+04    |         1.56   |
|    3.68e+04    |         1.56   |
|    3.85e+04    |         1.56   |
|    4.04e+04    |         1.57   |
|    4.23e+04    |         1.57   |
|    4.43e+04    |         1.57   |
|    4.64e+04    |         1.57   |
|    4.86e+04    |         1.57   |
|    5.09e+04    |         1.58   |
|    5.34e+04    |         1.58   |
|    5.59e+04    |         1.58   |
|    5.86e+04    |         1.59   |
|    6.14e+04    |         1.59   |
|    6.43e+04    |         1.59   |
|    6.73e+04    |          1.6   |
|    7.05e+04    |          1.6   |
|    7.39e+04    |         1.61   |
|    7.74e+04    |         1.61   |
|    8.11e+04    |         1.62   |
|     8.5e+04    |         1.63   |
|     8.9e+04    |         1.64   |
|    9.33e+04    |         1.64   |
|    9.77e+04    |         1.65   |
|    1.02e+05    |         1.66   |
|    1.07e+05    |         1.68   |
|    1.12e+05    |         1.69   |
|    1.18e+05    |          1.7   |
|    1.23e+05    |         1.72   |
|    1.29e+05    |         1.73   |
|    1.35e+05    |         1.75   |
|    1.42e+05    |         1.77   |
|    1.48e+05    |         1.79   |
|    1.56e+05    |         1.82   |
|    1.63e+05    |         1.84   |
|    1.71e+05    |         1.87   |
|    1.79e+05    |         1.91   |
|    1.87e+05    |         1.94   |
|    1.96e+05    |         1.98   |
|    2.06e+05    |         2.02   |
|    2.15e+05    |         2.07   |
|    2.26e+05    |         2.12   |
|    2.36e+05    |         2.17   |
|    2.48e+05    |         2.23   |
|     2.6e+05    |          2.3   |
|    2.72e+05    |         2.37   |
|    2.85e+05    |         2.46   |
|    2.98e+05    |         2.54   |
|    3.13e+05    |         2.64   |
|    3.27e+05    |         2.75   |
|    3.43e+05    |         2.87   |
|    3.59e+05    |         2.99   |
|    3.76e+05    |         3.13   |
|    3.94e+05    |         3.29   |
|    4.13e+05    |         3.46   |
|    4.33e+05    |         3.65   |
|    4.53e+05    |         3.85   |
|    4.75e+05    |         4.07   |
|    4.98e+05    |         4.32   |
|    5.21e+05    |         4.59   |
|    5.46e+05    |         4.89   |
|    5.72e+05    |         5.21   |
|    5.99e+05    |         5.57   |
|    6.28e+05    |         5.96   |
|    6.58e+05    |         6.39   |
|    6.89e+05    |         6.87   |
|    7.22e+05    |         7.38   |
|    7.56e+05    |         7.95   |
|    7.92e+05    |         8.58   |
|     8.3e+05    |         9.26   |
|     8.7e+05    |           10   |
|    9.11e+05    |         10.8   |
|    9.55e+05    |         11.7   |
|       1e+06    |         12.7   |
+----------------+----------------+

+-------------------------+
| Resistance of Winding 3 |
+-------------------------+

+----------------+----------------+
| Frequency (Hz) |    R (mohm)    |
+----------------+----------------+
|       1e+04    |         1.85   |
|    1.05e+04    |         1.85   |
|     1.1e+04    |         1.85   |
|    1.15e+04    |         1.85   |
|     1.2e+04    |         1.85   |
|    1.26e+04    |         1.85   |
|    1.32e+04    |         1.85   |
|    1.38e+04    |         1.85   |
|    1.45e+04    |         1.85   |
|    1.52e+04    |         1.85   |
|    1.59e+04    |         1.85   |
|    1.67e+04    |         1.85   |
|    1.75e+04    |         1.85   |
|    1.83e+04    |         1.85   |
|    1.92e+04    |         1.85   |
|    2.01e+04    |         1.85   |
|     2.1e+04    |         1.85   |
|    2.21e+04    |         1.85   |
|    2.31e+04    |         1.85   |
|    2.42e+04    |         1.85   |
|    2.54e+04    |         1.85   |
|    2.66e+04    |         1.86   |
|    2.78e+04    |         1.86   |
|    2.92e+04    |         1.86   |
|    3.05e+04    |         1.86   |
|     3.2e+04    |         1.86   |
|    3.35e+04    |         1.86   |
|    3.51e+04    |         1.86   |
|    3.68e+04    |         1.86   |
|    3.85e+04    |         1.87   |
|    4.04e+04    |         1.87   |
|    4.23e+04    |         1.87   |
|    4.43e+04    |         1.87   |
|    4.64e+04    |         1.88   |
|    4.86e+04    |         1.88   |
|    5.09e+04    |         1.88   |
|    5.34e+04    |         1.89   |
|    5.59e+04    |         1.89   |
|    5.86e+04    |         1.89   |
|    6.14e+04    |          1.9   |
|    6.43e+04    |          1.9   |
|    6.73e+04    |         1.91   |
|    7.05e+04    |         1.92   |
|    7.39e+04    |         1.92   |
|    7.74e+04    |         1.93   |
|    8.11e+04    |         1.94   |
|     8.5e+04    |         1.95   |
|     8.9e+04    |         1.96   |
|    9.33e+04    |         1.97   |
|    9.77e+04    |         1.98   |
|    1.02e+05    |            2   |
|    1.07e+05    |         2.01   |
|    1.12e+05    |         2.03   |
|    1.18e+05    |         2.04   |
|    1.23e+05    |         2.06   |
|    1.29e+05    |         2.08   |
|    1.35e+05    |         2.11   |
|    1.42e+05    |         2.13   |
|    1.48e+05    |         2.16   |
|    1.56e+05    |         2.19   |
|    1.63e+05    |         2.23   |
|    1.71e+05    |         2.26   |
|    1.79e+05    |          2.3   |
|    1.87e+05    |         2.35   |
|    1.96e+05    |          2.4   |
|    2.06e+05    |         2.45   |
|    2.15e+05    |         2.51   |
|    2.26e+05    |         2.58   |
|    2.36e+05    |         2.65   |
|    2.48e+05    |         2.73   |
|     2.6e+05    |         2.81   |
|    2.72e+05    |         2.91   |
|    2.85e+05    |         3.01   |
|    2.98e+05    |         3.12   |
|    3.13e+05    |         3.25   |
|    3.27e+05    |         3.38   |
|    3.43e+05    |         3.53   |
|    3.59e+05    |         3.69   |
|    3.76e+05    |         3.87   |
|    3.94e+05    |         4.07   |
|    4.13e+05    |         4.29   |
|    4.33e+05    |         4.52   |
|    4.53e+05    |         4.78   |
|    4.75e+05    |         5.07   |
|    4.98e+05    |         5.38   |
|    5.21e+05    |         5.72   |
|    5.46e+05    |          6.1   |
|    5.72e+05    |         6.51   |
|    5.99e+05    |         6.96   |
|    6.28e+05    |         7.45   |
|    6.58e+05    |         7.99   |
|    6.89e+05    |         8.59   |
|    7.22e+05    |         9.23   |
|    7.56e+05    |         9.94   |
|    7.92e+05    |         10.7   |
|     8.3e+05    |         11.6   |
|     8.7e+05    |         12.5   |
|    9.11e+05    |         13.5   |
|    9.55e+05    |         14.6   |
|       1e+06    |         15.8   |
+----------------+----------------+

+-------------------------+
| Resistance of Winding 4 |
+-------------------------+

+----------------+----------------+
| Frequency (Hz) |    R (mohm)    |
+----------------+----------------+
|       1e+04    |         2.33   |
|    1.05e+04    |         2.33   |
|     1.1e+04    |         2.33   |
|    1.15e+04    |         2.33   |
|     1.2e+04    |         2.33   |
|    1.26e+04    |         2.33   |
|    1.32e+04    |         2.33   |
|    1.38e+04    |         2.33   |
|    1.45e+04    |         2.33   |
|    1.52e+04    |         2.34   |
|    1.59e+04    |         2.34   |
|    1.67e+04    |         2.34   |
|    1.75e+04    |         2.34   |
|    1.83e+04    |         2.34   |
|    1.92e+04    |         2.34   |
|    2.01e+04    |         2.34   |
|     2.1e+04    |         2.34   |
|    2.21e+04    |         2.34   |
|    2.31e+04    |         2.34   |
|    2.42e+04    |         2.34   |
|    2.54e+04    |         2.34   |
|    2.66e+04    |         2.34   |
|    2.78e+04    |         2.34   |
|    2.92e+04    |         2.34   |
|    3.05e+04    |         2.35   |
|     3.2e+04    |         2.35   |
|    3.35e+04    |         2.35   |
|    3.51e+04    |         2.35   |
|    3.68e+04    |         2.35   |
|    3.85e+04    |         2.35   |
|    4.04e+04    |         2.36   |
|    4.23e+04    |         2.36   |
|    4.43e+04    |         2.36   |
|    4.64e+04    |         2.36   |
|    4.86e+04    |         2.37   |
|    5.09e+04    |         2.37   |
|    5.34e+04    |         2.37   |
|    5.59e+04    |         2.38   |
|    5.86e+04    |         2.38   |
|    6.14e+04    |         2.39   |
|    6.43e+04    |         2.39   |
|    6.73e+04    |          2.4   |
|    7.05e+04    |         2.41   |
|    7.39e+04    |         2.41   |
|    7.74e+04    |         2.42   |
|    8.11e+04    |         2.43   |
|     8.5e+04    |         2.44   |
|     8.9e+04    |         2.45   |
|    9.33e+04    |         2.46   |
|    9.77e+04    |         2.48   |
|    1.02e+05    |         2.49   |
|    1.07e+05    |         2.51   |
|    1.12e+05    |         2.52   |
|    1.18e+05    |         2.54   |
|    1.23e+05    |         2.56   |
|    1.29e+05    |         2.58   |
|    1.35e+05    |         2.61   |
|    1.42e+05    |         2.64   |
|    1.48e+05    |         2.67   |
|    1.56e+05    |          2.7   |
|    1.63e+05    |         2.73   |
|    1.71e+05    |         2.77   |
|    1.79e+05    |         2.82   |
|    1.87e+05    |         2.86   |
|    1.96e+05    |         2.92   |
|    2.06e+05    |         2.97   |
|    2.15e+05    |         3.04   |
|    2.26e+05    |          3.1   |
|    2.36e+05    |         3.18   |
|    2.48e+05    |         3.26   |
|     2.6e+05    |         3.35   |
|    2.72e+05    |         3.45   |
|    2.85e+05    |         3.56   |
|    2.98e+05    |         3.68   |
|    3.13e+05    |         3.81   |
|    3.27e+05    |         3.96   |
|    3.43e+05    |         4.11   |
|    3.59e+05    |         4.29   |
|    3.76e+05    |         4.48   |
|    3.94e+05    |         4.69   |
|    4.13e+05    |         4.92   |
|    4.33e+05    |         5.17   |
|    4.53e+05    |         5.44   |
|    4.75e+05    |         5.75   |
|    4.98e+05    |         6.08   |
|    5.21e+05    |         6.44   |
|    5.46e+05    |         6.84   |
|    5.72e+05    |         7.28   |
|    5.99e+05    |         7.76   |
|    6.28e+05    |         8.29   |
|    6.58e+05    |         8.87   |
|    6.89e+05    |          9.5   |
|    7.22e+05    |         10.2   |
|    7.56e+05    |           11   |
|    7.92e+05    |         11.8   |
|     8.3e+05    |         12.7   |
|     8.7e+05    |         13.7   |
|    9.11e+05    |         14.8   |
|    9.55e+05    |           16   |
|       1e+06    |         17.3   |
+----------------+----------------+


+------------------------------------------------------+
|                                                      |
|  Leakage Inductance as a function of the Frequency   |
|  Assuming Ideal Core (No energy stored in the core)  |
|                                                      |
+------------------------------------------------------+

+-------------------------------------------------------------+
|             Leakage Inductance from Winding 1               |
| Supplying Winding 1 with the other windings short-circuited |
+-------------------------------------------------------------+

+----------------+----------------+
| Frequency (Hz) |   Lleak (uH)   |
+----------------+----------------+
|       1e+04    |         27.8   |
|    1.05e+04    |         27.8   |
|     1.1e+04    |         27.8   |
|    1.15e+04    |         27.8   |
|     1.2e+04    |         27.8   |
|    1.26e+04    |         27.8   |
|    1.32e+04    |         27.7   |
|    1.38e+04    |         27.7   |
|    1.45e+04    |         27.7   |
|    1.52e+04    |         27.7   |
|    1.59e+04    |         27.7   |
|    1.67e+04    |         27.7   |
|    1.75e+04    |         27.7   |
|    1.83e+04    |         27.7   |
|    1.92e+04    |         27.7   |
|    2.01e+04    |         27.7   |
|     2.1e+04    |         27.7   |
|    2.21e+04    |         27.7   |
|    2.31e+04    |         27.7   |
|    2.42e+04    |         27.7   |
|    2.54e+04    |         27.7   |
|    2.66e+04    |         27.7   |
|    2.78e+04    |         27.7   |
|    2.92e+04    |         27.7   |
|    3.05e+04    |         27.7   |
|     3.2e+04    |         27.7   |
|    3.35e+04    |         27.7   |
|    3.51e+04    |         27.7   |
|    3.68e+04    |         27.7   |
|    3.85e+04    |         27.7   |
|    4.04e+04    |         27.7   |
|    4.23e+04    |         27.7   |
|    4.43e+04    |         27.7   |
|    4.64e+04    |         27.7   |
|    4.86e+04    |         27.7   |
|    5.09e+04    |         27.7   |
|    5.34e+04    |         27.7   |
|    5.59e+04    |         27.7   |
|    5.86e+04    |         27.7   |
|    6.14e+04    |         27.7   |
|    6.43e+04    |         27.7   |
|    6.73e+04    |         27.7   |
|    7.05e+04    |         27.7   |
|    7.39e+04    |         27.7   |
|    7.74e+04    |         27.7   |
|    8.11e+04    |         27.7   |
|     8.5e+04    |         27.7   |
|     8.9e+04    |         27.7   |
|    9.33e+04    |         27.7   |
|    9.77e+04    |         27.7   |
|    1.02e+05    |         27.7   |
|    1.07e+05    |         27.7   |
|    1.12e+05    |         27.7   |
|    1.18e+05    |         27.7   |
|    1.23e+05    |         27.7   |
|    1.29e+05    |         27.7   |
|    1.35e+05    |         27.7   |
|    1.42e+05    |         27.7   |
|    1.48e+05    |         27.7   |
|    1.56e+05    |         27.7   |
|    1.63e+05    |         27.7   |
|    1.71e+05    |         27.7   |
|    1.79e+05    |         27.7   |
|    1.87e+05    |         27.7   |
|    1.96e+05    |         27.7   |
|    2.06e+05    |         27.7   |
|    2.15e+05    |         27.7   |
|    2.26e+05    |         27.7   |
|    2.36e+05    |         27.7   |
|    2.48e+05    |         27.7   |
|     2.6e+05    |         27.7   |
|    2.72e+05    |         27.7   |
|    2.85e+05    |         27.7   |
|    2.98e+05    |         27.7   |
|    3.13e+05    |         27.7   |
|    3.27e+05    |         27.7   |
|    3.43e+05    |         27.7   |
|    3.59e+05    |         27.7   |
|    3.76e+05    |         27.7   |
|    3.94e+05    |         27.7   |
|    4.13e+05    |         27.7   |
|    4.33e+05    |         27.7   |
|    4.53e+05    |         27.7   |
|    4.75e+05    |         27.7   |
|    4.98e+05    |         27.7   |
|    5.21e+05    |         27.7   |
|    5.46e+05    |         27.7   |
|    5.72e+05    |         27.7   |
|    5.99e+05    |         27.7   |
|    6.28e+05    |         27.7   |
|    6.58e+05    |         27.7   |
|    6.89e+05    |         27.7   |
|    7.22e+05    |         27.7   |
|    7.56e+05    |         27.7   |
|    7.92e+05    |         27.7   |
|     8.3e+05    |         27.7   |
|     8.7e+05    |         27.7   |
|    9.11e+05    |         27.7   |
|    9.55e+05    |         27.7   |
|       1e+06    |         27.7   |
+----------------+----------------+

+-------------------------------------------------------------+
|             Leakage Inductance from Winding 2               |
| Supplying Winding 2 with the other windings short-circuited |
+-------------------------------------------------------------+

+----------------+----------------+
| Frequency (Hz) |   Lleak (uH)   |
+----------------+----------------+
|       1e+04    |         0.12   |
|    1.05e+04    |         0.12   |
|     1.1e+04    |         0.12   |
|    1.15e+04    |        0.119   |
|     1.2e+04    |        0.119   |
|    1.26e+04    |        0.119   |
|    1.32e+04    |        0.118   |
|    1.38e+04    |        0.118   |
|    1.45e+04    |        0.118   |
|    1.52e+04    |        0.118   |
|    1.59e+04    |        0.118   |
|    1.67e+04    |        0.117   |
|    1.75e+04    |        0.117   |
|    1.83e+04    |        0.117   |
|    1.92e+04    |        0.117   |
|    2.01e+04    |        0.117   |
|     2.1e+04    |        0.117   |
|    2.21e+04    |        0.117   |
|    2.31e+04    |        0.116   |
|    2.42e+04    |        0.116   |
|    2.54e+04    |        0.116   |
|    2.66e+04    |        0.116   |
|    2.78e+04    |        0.116   |
|    2.92e+04    |        0.116   |
|    3.05e+04    |        0.116   |
|     3.2e+04    |        0.116   |
|    3.35e+04    |        0.116   |
|    3.51e+04    |        0.116   |
|    3.68e+04    |        0.116   |
|    3.85e+04    |        0.116   |
|    4.04e+04    |        0.116   |
|    4.23e+04    |        0.116   |
|    4.43e+04    |        0.116   |
|    4.64e+04    |        0.116   |
|    4.86e+04    |        0.116   |
|    5.09e+04    |        0.116   |
|    5.34e+04    |        0.116   |
|    5.59e+04    |        0.116   |
|    5.86e+04    |        0.116   |
|    6.14e+04    |        0.116   |
|    6.43e+04    |        0.116   |
|    6.73e+04    |        0.116   |
|    7.05e+04    |        0.115   |
|    7.39e+04    |        0.115   |
|    7.74e+04    |        0.115   |
|    8.11e+04    |        0.115   |
|     8.5e+04    |        0.115   |
|     8.9e+04    |        0.115   |
|    9.33e+04    |        0.115   |
|    9.77e+04    |        0.115   |
|    1.02e+05    |        0.115   |
|    1.07e+05    |        0.115   |
|    1.12e+05    |        0.115   |
|    1.18e+05    |        0.115   |
|    1.23e+05    |        0.115   |
|    1.29e+05    |        0.115   |
|    1.35e+05    |        0.115   |
|    1.42e+05    |        0.115   |
|    1.48e+05    |        0.115   |
|    1.56e+05    |        0.115   |
|    1.63e+05    |        0.115   |
|    1.71e+05    |        0.115   |
|    1.79e+05    |        0.115   |
|    1.87e+05    |        0.115   |
|    1.96e+05    |        0.115   |
|    2.06e+05    |        0.115   |
|    2.15e+05    |        0.115   |
|    2.26e+05    |        0.115   |
|    2.36e+05    |        0.115   |
|    2.48e+05    |        0.115   |
|     2.6e+05    |        0.115   |
|    2.72e+05    |        0.115   |
|    2.85e+05    |        0.115   |
|    2.98e+05    |        0.115   |
|    3.13e+05    |        0.115   |
|    3.27e+05    |        0.115   |
|    3.43e+05    |        0.114   |
|    3.59e+05    |        0.114   |
|    3.76e+05    |        0.114   |
|    3.94e+05    |        0.114   |
|    4.13e+05    |        0.114   |
|    4.33e+05    |        0.114   |
|    4.53e+05    |        0.114   |
|    4.75e+05    |        0.114   |
|    4.98e+05    |        0.114   |
|    5.21e+05    |        0.113   |
|    5.46e+05    |        0.113   |
|    5.72e+05    |        0.113   |
|    5.99e+05    |        0.113   |
|    6.28e+05    |        0.113   |
|    6.58e+05    |        0.113   |
|    6.89e+05    |        0.113   |
|    7.22e+05    |        0.112   |
|    7.56e+05    |        0.112   |
|    7.92e+05    |        0.112   |
|     8.3e+05    |        0.112   |
|     8.7e+05    |        0.112   |
|    9.11e+05    |        0.111   |
|    9.55e+05    |        0.111   |
|       1e+06    |        0.111   |
+----------------+----------------+

+-------------------------------------------------------------+
|             Leakage Inductance from Winding 3               |
| Supplying Winding 3 with the other windings short-circuited |
+-------------------------------------------------------------+

+----------------+----------------+
| Frequency (Hz) |   Lleak (uH)   |
+----------------+----------------+
|       1e+04    |       0.0637   |
|    1.05e+04    |       0.0637   |
|     1.1e+04    |       0.0637   |
|    1.15e+04    |       0.0637   |
|     1.2e+04    |       0.0636   |
|    1.26e+04    |       0.0636   |
|    1.32e+04    |       0.0636   |
|    1.38e+04    |       0.0636   |
|    1.45e+04    |       0.0636   |
|    1.52e+04    |       0.0636   |
|    1.59e+04    |       0.0635   |
|    1.67e+04    |       0.0635   |
|    1.75e+04    |       0.0635   |
|    1.83e+04    |       0.0635   |
|    1.92e+04    |       0.0635   |
|    2.01e+04    |       0.0635   |
|     2.1e+04    |       0.0635   |
|    2.21e+04    |       0.0635   |
|    2.31e+04    |       0.0635   |
|    2.42e+04    |       0.0635   |
|    2.54e+04    |       0.0635   |
|    2.66e+04    |       0.0635   |
|    2.78e+04    |       0.0635   |
|    2.92e+04    |       0.0635   |
|    3.05e+04    |       0.0634   |
|     3.2e+04    |       0.0634   |
|    3.35e+04    |       0.0634   |
|    3.51e+04    |       0.0634   |
|    3.68e+04    |       0.0634   |
|    3.85e+04    |       0.0634   |
|    4.04e+04    |       0.0634   |
|    4.23e+04    |       0.0634   |
|    4.43e+04    |       0.0634   |
|    4.64e+04    |       0.0634   |
|    4.86e+04    |       0.0634   |
|    5.09e+04    |       0.0634   |
|    5.34e+04    |       0.0634   |
|    5.59e+04    |       0.0634   |
|    5.86e+04    |       0.0634   |
|    6.14e+04    |       0.0634   |
|    6.43e+04    |       0.0634   |
|    6.73e+04    |       0.0634   |
|    7.05e+04    |       0.0634   |
|    7.39e+04    |       0.0634   |
|    7.74e+04    |       0.0634   |
|    8.11e+04    |       0.0634   |
|     8.5e+04    |       0.0634   |
|     8.9e+04    |       0.0634   |
|    9.33e+04    |       0.0634   |
|    9.77e+04    |       0.0634   |
|    1.02e+05    |       0.0634   |
|    1.07e+05    |       0.0633   |
|    1.12e+05    |       0.0633   |
|    1.18e+05    |       0.0633   |
|    1.23e+05    |       0.0633   |
|    1.29e+05    |       0.0633   |
|    1.35e+05    |       0.0633   |
|    1.42e+05    |       0.0633   |
|    1.48e+05    |       0.0633   |
|    1.56e+05    |       0.0633   |
|    1.63e+05    |       0.0632   |
|    1.71e+05    |       0.0632   |
|    1.79e+05    |       0.0632   |
|    1.87e+05    |       0.0632   |
|    1.96e+05    |       0.0632   |
|    2.06e+05    |       0.0632   |
|    2.15e+05    |       0.0631   |
|    2.26e+05    |       0.0631   |
|    2.36e+05    |       0.0631   |
|    2.48e+05    |        0.063   |
|     2.6e+05    |        0.063   |
|    2.72e+05    |        0.063   |
|    2.85e+05    |       0.0629   |
|    2.98e+05    |       0.0629   |
|    3.13e+05    |       0.0628   |
|    3.27e+05    |       0.0628   |
|    3.43e+05    |       0.0627   |
|    3.59e+05    |       0.0627   |
|    3.76e+05    |       0.0626   |
|    3.94e+05    |       0.0625   |
|    4.13e+05    |       0.0624   |
|    4.33e+05    |       0.0624   |
|    4.53e+05    |       0.0623   |
|    4.75e+05    |       0.0622   |
|    4.98e+05    |       0.0621   |
|    5.21e+05    |        0.062   |
|    5.46e+05    |       0.0619   |
|    5.72e+05    |       0.0618   |
|    5.99e+05    |       0.0617   |
|    6.28e+05    |       0.0615   |
|    6.58e+05    |       0.0614   |
|    6.89e+05    |       0.0613   |
|    7.22e+05    |       0.0611   |
|    7.56e+05    |        0.061   |
|    7.92e+05    |       0.0609   |
|     8.3e+05    |       0.0607   |
|     8.7e+05    |       0.0606   |
|    9.11e+05    |       0.0604   |
|    9.55e+05    |       0.0603   |
|       1e+06    |       0.0601   |
+----------------+----------------+

+-------------------------------------------------------------+
|             Leakage Inductance from Winding 4               |
| Supplying Winding 4 with the other windings short-circuited |
+-------------------------------------------------------------+

+----------------+----------------+
| Frequency (Hz) |   Lleak (uH)   |
+----------------+----------------+
|       1e+04    |        0.143   |
|    1.05e+04    |        0.142   |
|     1.1e+04    |        0.142   |
|    1.15e+04    |        0.142   |
|     1.2e+04    |        0.141   |
|    1.26e+04    |        0.141   |
|    1.32e+04    |        0.141   |
|    1.38e+04    |         0.14   |
|    1.45e+04    |         0.14   |
|    1.52e+04    |         0.14   |
|    1.59e+04    |        0.139   |
|    1.67e+04    |        0.139   |
|    1.75e+04    |        0.139   |
|    1.83e+04    |        0.139   |
|    1.92e+04    |        0.139   |
|    2.01e+04    |        0.139   |
|     2.1e+04    |        0.138   |
|    2.21e+04    |        0.138   |
|    2.31e+04    |        0.138   |
|    2.42e+04    |        0.138   |
|    2.54e+04    |        0.138   |
|    2.66e+04    |        0.138   |
|    2.78e+04    |        0.138   |
|    2.92e+04    |        0.138   |
|    3.05e+04    |        0.138   |
|     3.2e+04    |        0.138   |
|    3.35e+04    |        0.138   |
|    3.51e+04    |        0.137   |
|    3.68e+04    |        0.137   |
|    3.85e+04    |        0.137   |
|    4.04e+04    |        0.137   |
|    4.23e+04    |        0.137   |
|    4.43e+04    |        0.137   |
|    4.64e+04    |        0.137   |
|    4.86e+04    |        0.137   |
|    5.09e+04    |        0.137   |
|    5.34e+04    |        0.137   |
|    5.59e+04    |        0.137   |
|    5.86e+04    |        0.137   |
|    6.14e+04    |        0.137   |
|    6.43e+04    |        0.137   |
|    6.73e+04    |        0.137   |
|    7.05e+04    |        0.137   |
|    7.39e+04    |        0.137   |
|    7.74e+04    |        0.137   |
|    8.11e+04    |        0.137   |
|     8.5e+04    |        0.137   |
|     8.9e+04    |        0.137   |
|    9.33e+04    |        0.137   |
|    9.77e+04    |        0.137   |
|    1.02e+05    |        0.137   |
|    1.07e+05    |        0.137   |
|    1.12e+05    |        0.137   |
|    1.18e+05    |        0.137   |
|    1.23e+05    |        0.137   |
|    1.29e+05    |        0.137   |
|    1.35e+05    |        0.137   |
|    1.42e+05    |        0.137   |
|    1.48e+05    |        0.137   |
|    1.56e+05    |        0.137   |
|    1.63e+05    |        0.137   |
|    1.71e+05    |        0.137   |
|    1.79e+05    |        0.137   |
|    1.87e+05    |        0.137   |
|    1.96e+05    |        0.137   |
|    2.06e+05    |        0.137   |
|    2.15e+05    |        0.137   |
|    2.26e+05    |        0.137   |
|    2.36e+05    |        0.137   |
|    2.48e+05    |        0.137   |
|     2.6e+05    |        0.137   |
|    2.72e+05    |        0.137   |
|    2.85e+05    |        0.137   |
|    2.98e+05    |        0.136   |
|    3.13e+05    |        0.136   |
|    3.27e+05    |        0.136   |
|    3.43e+05    |        0.136   |
|    3.59e+05    |        0.136   |
|    3.76e+05    |        0.136   |
|    3.94e+05    |        0.136   |
|    4.13e+05    |        0.136   |
|    4.33e+05    |        0.136   |
|    4.53e+05    |        0.136   |
|    4.75e+05    |        0.136   |
|    4.98e+05    |        0.136   |
|    5.21e+05    |        0.136   |
|    5.46e+05    |        0.136   |
|    5.72e+05    |        0.135   |
|    5.99e+05    |        0.135   |
|    6.28e+05    |        0.135   |
|    6.58e+05    |        0.135   |
|    6.89e+05    |        0.135   |
|    7.22e+05    |        0.135   |
|    7.56e+05    |        0.135   |
|    7.92e+05    |        0.134   |
|     8.3e+05    |        0.134   |
|     8.7e+05    |        0.134   |
|    9.11e+05    |        0.134   |
|    9.55e+05    |        0.134   |
|       1e+06    |        0.133   |
+----------------+----------------+


+------------------------------------------+
|                                          |
|  Magnetizing Inductance of each Winding  |
|                                          |
+------------------------------------------+

Winding 1:    Lmag = 101.088 uH
Winding 2:    Lmag = 2.56573 uH
Winding 3:    Lmag = 2.57042 uH
Winding 4:    Lmag = 2.62769 uH


+---------------------------------+
|                                 |
|  DC Resistance of each Winding  |
|                                 |
+---------------------------------+

Winding 1:    R(DC) = 12.6483 mohm
Winding 2:    R(DC) = 1.48866 mohm
Winding 3:    R(DC) = 1.8069 mohm
Winding 4:    R(DC) = 2.12514 mohm
