             ****************************************
                     Model Generator Logfile
                      Generated by UPM MGen
                     © 2022 UPM-SAS IP, Inc.
                          Release 2022 R2
             ****************************************

                      Project Name: Trans_ETD39

             +---------------------------------------+
             |                Options                |
             +---------------------------------------+
             |         Target error:   5.0%          |
             |     Frequency Domain Model Version    |
             |   Normal mode parameters extraction   |
             +---------------------------------------+

+----------------------------------------------------------------+
|                Parameter extraction for Z1_1                   |
+----------------------------------------------------------------+
|              Maximum Error for Z1_1 =   2.59%                  |
|                       Error target RX                          |
+----------------------------------------------------------------+

+----------------------------------------------------------------+
|                       Results for Z1_1                         |
+----------------+----------------------+------------------------+
| Frequency(kHz) | FEA Resistance(mohm) | Model Resistance(mohm) |
+----------------+----------------------+------------------------+
|       0.001    |         13.245       |          12.902        |
|      10.000    |         13.255       |          12.912        |
|     100.000    |         14.227       |          13.919        |
|    1000.000    |        109.269       |         110.837        |
+----------------+----------------------+------------------------+
| Frequency(kHz) |  FEA Inductance(uH)  |  Model Inductance(uH)  |
+----------------+----------------------+------------------------+
|       0.001    |       20.908         |        20.911          |
|      10.000    |       20.908         |        20.911          |
|     100.000    |       20.908         |        20.911          |
|    1000.000    |       20.908         |        20.908          |
+----------------+----------------------+------------------------+

+----------------------------------------------------------------+
|               Parameter extraction for Zsc1_2                  |
+----------------------------------------------------------------+
|             Maximum Error for Zsc1_2 =   4.94%                 |
|                       Error target RX                          |
+----------------------------------------------------------------+

+----------------------------------------------------------------+
|                      Results for Zsc1_2                        |
+----------------+----------------------+------------------------+
| Frequency(kHz) | FEA Resistance(mohm) | Model Resistance(mohm) |
+----------------+----------------------+------------------------+
|       0.001    |         89.633       |          89.921        |
|      10.000    |         89.700       |          90.033        |
|     100.000    |         96.278       |         101.034        |
|    1000.000    |        739.438       |         731.666        |
+----------------+----------------------+------------------------+
| Frequency(kHz) |  FEA Inductance(uH)  |  Model Inductance(uH)  |
+----------------+----------------------+------------------------+
|       0.001    |       30.201         |        30.278          |
|      10.000    |       30.201         |        30.278          |
|     100.000    |       30.201         |        30.276          |
|    1000.000    |       30.201         |        30.199          |
+----------------+----------------------+------------------------+

+----------------------------------------------------------------+
|               Parameter extraction for Zsc1_3                  |
+----------------------------------------------------------------+
|             Maximum Error for Zsc1_3 =   1.68%                 |
|                       Error target RX                          |
+----------------------------------------------------------------+

+----------------------------------------------------------------+
|                      Results for Zsc1_3                        |
+----------------+----------------------+------------------------+
| Frequency(kHz) | FEA Resistance(mohm) | Model Resistance(mohm) |
+----------------+----------------------+------------------------+
|       0.001    |        105.963       |         106.296        |
|      10.000    |        106.042       |         106.388        |
|     100.000    |        113.819       |         115.461        |
|    1000.000    |        874.153       |         888.876        |
+----------------+----------------------+------------------------+
| Frequency(kHz) |  FEA Inductance(uH)  |  Model Inductance(uH)  |
+----------------+----------------------+------------------------+
|       0.001    |       29.738         |        29.781          |
|      10.000    |       29.738         |        29.781          |
|     100.000    |       29.738         |        29.780          |
|    1000.000    |       29.738         |        29.730          |
+----------------+----------------------+------------------------+

+----------------------------------------------------------------+
|               Parameter extraction for Zsc1_4                  |
+----------------------------------------------------------------+
|             Maximum Error for Zsc1_4 =   4.55%                 |
|                       Error target RX                          |
+----------------------------------------------------------------+

+----------------------------------------------------------------+
|                      Results for Zsc1_4                        |
+----------------+----------------------+------------------------+
| Frequency(kHz) | FEA Resistance(mohm) | Model Resistance(mohm) |
+----------------+----------------------+------------------------+
|       0.001    |        122.293       |         117.926        |
|      10.000    |        122.384       |         118.111        |
|     100.000    |        131.359       |         136.249        |
|    1000.000    |       1008.869       |         962.973        |
+----------------+----------------------+------------------------+
| Frequency(kHz) |  FEA Inductance(uH)  |  Model Inductance(uH)  |
+----------------+----------------------+------------------------+
|       0.001    |       31.975         |        32.115          |
|      10.000    |       31.975         |        32.115          |
|     100.000    |       31.975         |        32.112          |
|    1000.000    |       31.975         |        31.968          |
+----------------+----------------------+------------------------+

+----------------------------------------------------------------+
|                Parameter extraction for Z2_2                   |
+----------------------------------------------------------------+
|              Maximum Error for Z2_2 =   0.97%                  |
|                       Error target RX                          |
+----------------------------------------------------------------+

+----------------------------------------------------------------+
|                       Results for Z2_2                         |
+----------------+----------------------+------------------------+
| Frequency(kHz) | FEA Resistance(mohm) | Model Resistance(mohm) |
+----------------+----------------------+------------------------+
|       0.001    |          1.559       |           1.547        |
|      10.000    |          1.560       |           1.548        |
|     100.000    |          1.675       |           1.659        |
|    1000.000    |         12.861       |          12.736        |
+----------------+----------------------+------------------------+
| Frequency(kHz) |  FEA Inductance(uH)  |  Model Inductance(uH)  |
+----------------+----------------------+------------------------+
|       0.001    |        0.929         |         0.929          |
|      10.000    |        0.929         |         0.929          |
|     100.000    |        0.929         |         0.929          |
|    1000.000    |        0.929         |         0.929          |
+----------------+----------------------+------------------------+

+----------------------------------------------------------------+
|               Parameter extraction for Zsc2_3                  |
+----------------------------------------------------------------+
|             Maximum Error for Zsc2_3 =   4.13%                 |
|                       Error target RX                          |
+----------------------------------------------------------------+

+----------------------------------------------------------------+
|                      Results for Zsc2_3                        |
+----------------+----------------------+------------------------+
| Frequency(kHz) | FEA Resistance(mohm) | Model Resistance(mohm) |
+----------------+----------------------+------------------------+
|       0.001    |          3.451       |           3.309        |
|      10.000    |          3.454       |           3.314        |
|     100.000    |          3.707       |           3.859        |
|    1000.000    |         28.470       |          28.570        |
+----------------+----------------------+------------------------+
| Frequency(kHz) |  FEA Inductance(uH)  |  Model Inductance(uH)  |
+----------------+----------------------+------------------------+
|       0.001    |        0.116         |         0.121          |
|      10.000    |        0.116         |         0.121          |
|     100.000    |        0.116         |         0.121          |
|    1000.000    |        0.116         |         0.116          |
+----------------+----------------------+------------------------+

+----------------------------------------------------------------+
|               Parameter extraction for Zsc2_4                  |
+----------------------------------------------------------------+
|             Maximum Error for Zsc2_4 =   4.04%                 |
|                       Error target RX                          |
+----------------------------------------------------------------+

+----------------------------------------------------------------+
|                      Results for Zsc2_4                        |
+----------------+----------------------+------------------------+
| Frequency(kHz) | FEA Resistance(mohm) | Model Resistance(mohm) |
+----------------+----------------------+------------------------+
|       0.001    |          3.784       |           3.912        |
|      10.000    |          3.787       |           3.915        |
|     100.000    |          4.065       |           4.229        |
|    1000.000    |         31.220       |          30.414        |
+----------------+----------------------+------------------------+
| Frequency(kHz) |  FEA Inductance(uH)  |  Model Inductance(uH)  |
+----------------+----------------------+------------------------+
|       0.001    |        0.265         |         0.267          |
|      10.000    |        0.265         |         0.267          |
|     100.000    |        0.265         |         0.267          |
|    1000.000    |        0.265         |         0.265          |
+----------------+----------------------+------------------------+

+----------------------------------------------------------------+
|                Parameter extraction for Z3_3                   |
+----------------------------------------------------------------+
|              Maximum Error for Z3_3 =   2.48%                  |
|                       Error target RX                          |
+----------------------------------------------------------------+

+----------------------------------------------------------------+
|                       Results for Z3_3                         |
+----------------+----------------------+------------------------+
| Frequency(kHz) | FEA Resistance(mohm) | Model Resistance(mohm) |
+----------------+----------------------+------------------------+
|       0.001    |          1.892       |           1.845        |
|      10.000    |          1.894       |           1.847        |
|     100.000    |          2.032       |           1.989        |
|    1000.000    |         15.610       |          15.838        |
+----------------+----------------------+------------------------+
| Frequency(kHz) |  FEA Inductance(uH)  |  Model Inductance(uH)  |
+----------------+----------------------+------------------------+
|       0.001    |        0.934         |         0.934          |
|      10.000    |        0.934         |         0.934          |
|     100.000    |        0.934         |         0.934          |
|    1000.000    |        0.934         |         0.934          |
+----------------+----------------------+------------------------+

+----------------------------------------------------------------+
|               Parameter extraction for Zsc3_4                  |
+----------------------------------------------------------------+
|             Maximum Error for Zsc3_4 =   2.41%                 |
|                       Error target RX                          |
+----------------------------------------------------------------+

+----------------------------------------------------------------+
|                      Results for Zsc3_4                        |
+----------------+----------------------+------------------------+
| Frequency(kHz) | FEA Resistance(mohm) | Model Resistance(mohm) |
+----------------+----------------------+------------------------+
|       0.001    |          4.118       |           4.035        |
|      10.000    |          4.121       |           4.040        |
|     100.000    |          4.423       |           4.473        |
|    1000.000    |         33.969       |          33.480        |
+----------------+----------------------+------------------------+
| Frequency(kHz) |  FEA Inductance(uH)  |  Model Inductance(uH)  |
+----------------+----------------------+------------------------+
|       0.001    |        0.138         |         0.141          |
|      10.000    |        0.138         |         0.141          |
|     100.000    |        0.138         |         0.141          |
|    1000.000    |        0.138         |         0.138          |
+----------------+----------------------+------------------------+

+----------------------------------------------------------------+
|                Parameter extraction for Z4_4                   |
+----------------------------------------------------------------+
|              Maximum Error for Z4_4 =   5.66%                  |
|                       Error target RX                          |
+----------------------------------------------------------------+

+----------------------------------------------------------------+
|                       Results for Z4_4                         |
+----------------+----------------------+------------------------+
| Frequency(kHz) | FEA Resistance(mohm) | Model Resistance(mohm) |
+----------------+----------------------+------------------------+
|       0.001    |          2.225       |           2.332        |
|      10.000    |          2.227       |           2.333        |
|     100.000    |          2.390       |           2.483        |
|    1000.000    |         18.359       |          17.320        |
+----------------+----------------------+------------------------+
| Frequency(kHz) |  FEA Inductance(uH)  |  Model Inductance(uH)  |
+----------------+----------------------+------------------------+
|       0.001    |        0.991         |         0.992          |
|      10.000    |        0.991         |         0.992          |
|     100.000    |        0.991         |         0.992          |
|    1000.000    |        0.991         |         0.991          |
+----------------+----------------------+------------------------+

               Target error has not been reached:
    If more accurate results are needed try Fine parameters
             extraction mode for better performance

                       +--------------+
                       |   Finished   |
                       +--------------+

+------------------------------------+---------------------------+
|  Curve Fitting Process Started at: | Tue Aug 13 17:02:39 2024  |
+------------------------------------+---------------------------+
| Curve Fitting Process Finished at: | Tue Aug 13 17:02:47 2024  |
+------------------------------------+---------------------------+
